# JRE version: Java(TM) SE Runtime Environment (8.0_45-b14) (build 1.8.0_45-b14)
# Java VM: Java HotSpot(TM) 64-Bit Server VM (25.45-b02 mixed mode linux-amd64 compressed oops)
Heap:
 PSYoungGen      total 366080K, used 118420K [0x00000000d9900000, 0x00000000fc500000, 0x0000000100000000)
  eden space 350208K, 33% used [0x00000000d9900000,0x00000000e0ca5370,0x00000000eef00000)
  from space 15872K, 0% used [0x00000000eef00000,0x00000000eef00000,0x00000000efe80000)
  to   space 16384K, 0% used [0x00000000fb500000,0x00000000fb500000,0x00000000fc500000)
 ParOldGen       total 72192K, used 21744K [0x000000008ca00000, 0x0000000091080000, 0x00000000d9900000)
  object space 72192K, 30% used [0x000000008ca00000,0x000000008df3c3f8,0x0000000091080000)
 Metaspace       used 38913K, capacity 39438K, committed 39808K, reserved 1083392K
  class space    used 4836K, capacity 4946K, committed 4992K, reserved 1048576K
GC Heap History (10 events):
Event: 5,474 GC heap before
{Heap before GC invocations=9 (full 1):
 PSYoungGen      total 249856K, used 3666K [0x00000000d9900000, 0x00000000e9700000, 0x0000000100000000)
  eden space 239616K, 0% used [0x00000000d9900000,0x00000000d9900000,0x00000000e8300000)
  from space 10240K, 35% used [0x00000000e8d00000,0x00000000e9094b98,0x00000000e9700000)
  to   space 10240K, 0% used [0x00000000e8300000,0x00000000e8300000,0x00000000e8d00000)
 ParOldGen       total 79360K, used 7962K [0x000000008ca00000, 0x0000000091780000, 0x00000000d9900000)
  object space 79360K, 10% used [0x000000008ca00000,0x000000008d1c6a88,0x0000000091780000)
 Metaspace       used 20737K, capacity 20902K, committed 21296K, reserved 1069056K
  class space    used 2533K, capacity 2573K, committed 2688K, reserved 1048576K
Event: 5,545 GC heap after
Heap after GC invocations=9 (full 1):
 PSYoungGen      total 249856K, used 0K [0x00000000d9900000, 0x00000000e9700000, 0x0000000100000000)
  eden space 239616K, 0% used [0x00000000d9900000,0x00000000d9900000,0x00000000e8300000)
  from space 10240K, 0% used [0x00000000e8d00000,0x00000000e8d00000,0x00000000e9700000)
  to   space 10240K, 0% used [0x00000000e8300000,0x00000000e8300000,0x00000000e8d00000)
 ParOldGen       total 46080K, used 6905K [0x000000008ca00000, 0x000000008f700000, 0x00000000d9900000)
  object space 46080K, 14% used [0x000000008ca00000,0x000000008d0be418,0x000000008f700000)
 Metaspace       used 20737K, capacity 20902K, committed 21296K, reserved 1069056K
  class space    used 2533K, capacity 2573K, committed 2688K, reserved 1048576K
}
Event: 8,682 GC heap before
{Heap before GC invocations=10 (full 1):
 PSYoungGen      total 249856K, used 239616K [0x00000000d9900000, 0x00000000e9700000, 0x0000000100000000)
  eden space 239616K, 100% used [0x00000000d9900000,0x00000000e8300000,0x00000000e8300000)
  from space 10240K, 0% used [0x00000000e8d00000,0x00000000e8d00000,0x00000000e9700000)
  to   space 10240K, 0% used [0x00000000e8300000,0x00000000e8300000,0x00000000e8d00000)
 ParOldGen       total 46080K, used 6905K [0x000000008ca00000, 0x000000008f700000, 0x00000000d9900000)
  object space 46080K, 14% used [0x000000008ca00000,0x000000008d0be418,0x000000008f700000)
 Metaspace       used 30417K, capacity 30772K, committed 31232K, reserved 1077248K
  class space    used 3716K, capacity 3805K, committed 3840K, reserved 1048576K
Event: 8,729 GC heap after
Heap after GC invocations=10 (full 1):
 PSYoungGen      total 249856K, used 10222K [0x00000000d9900000, 0x00000000f0b00000, 0x0000000100000000)
  eden space 239616K, 0% used [0x00000000d9900000,0x00000000d9900000,0x00000000e8300000)
  from space 10240K, 99% used [0x00000000e8300000,0x00000000e8cfb8b0,0x00000000e8d00000)
  to   space 12288K, 0% used [0x00000000eff00000,0x00000000eff00000,0x00000000f0b00000)
 ParOldGen       total 46080K, used 9391K [0x000000008ca00000, 0x000000008f700000, 0x00000000d9900000)
  object space 46080K, 20% used [0x000000008ca00000,0x000000008d32bcb8,0x000000008f700000)
 Metaspace       used 30417K, capacity 30772K, committed 31232K, reserved 1077248K
  class space    used 3716K, capacity 3805K, committed 3840K, reserved 1048576K
}
Event: 11,347 GC heap before
{Heap before GC invocations=11 (full 1):
 PSYoungGen      total 249856K, used 249838K [0x00000000d9900000, 0x00000000f0b00000, 0x0000000100000000)
  eden space 239616K, 100% used [0x00000000d9900000,0x00000000e8300000,0x00000000e8300000)
  from space 10240K, 99% used [0x00000000e8300000,0x00000000e8cfb8b0,0x00000000e8d00000)
  to   space 12288K, 0% used [0x00000000eff00000,0x00000000eff00000,0x00000000f0b00000)
 ParOldGen       total 46080K, used 9391K [0x000000008ca00000, 0x000000008f700000, 0x00000000d9900000)
  object space 46080K, 20% used [0x000000008ca00000,0x000000008d32bcb8,0x000000008f700000)
 Metaspace       used 34626K, capacity 35028K, committed 35456K, reserved 1081344K
  class space    used 4297K, capacity 4397K, committed 4480K, reserved 1048576K
Event: 11,402 GC heap after
Heap after GC invocations=11 (full 1):
 PSYoungGen      total 362496K, used 12282K [0x00000000d9900000, 0x00000000f0e00000, 0x0000000100000000)
  eden space 350208K, 0% used [0x00000000d9900000,0x00000000d9900000,0x00000000eef00000)
  from space 12288K, 99% used [0x00000000eff00000,0x00000000f0afe990,0x00000000f0b00000)
  to   space 15872K, 0% used [0x00000000eef00000,0x00000000eef00000,0x00000000efe80000)
 ParOldGen       total 46080K, used 14037K [0x000000008ca00000, 0x000000008f700000, 0x00000000d9900000)
  object space 46080K, 30% used [0x000000008ca00000,0x000000008d7b5498,0x000000008f700000)
 Metaspace       used 34626K, capacity 35028K, committed 35456K, reserved 1081344K
  class space    used 4297K, capacity 4397K, committed 4480K, reserved 1048576K
}
Event: 11,529 GC heap before
{Heap before GC invocations=12 (full 1):
 PSYoungGen      total 362496K, used 26012K [0x00000000d9900000, 0x00000000f0e00000, 0x0000000100000000)
  eden space 350208K, 3% used [0x00000000d9900000,0x00000000da668a38,0x00000000eef00000)
  from space 12288K, 99% used [0x00000000eff00000,0x00000000f0afe990,0x00000000f0b00000)
  to   space 15872K, 0% used [0x00000000eef00000,0x00000000eef00000,0x00000000efe80000)
 ParOldGen       total 46080K, used 14037K [0x000000008ca00000, 0x000000008f700000, 0x00000000d9900000)
  object space 46080K, 30% used [0x000000008ca00000,0x000000008d7b5498,0x000000008f700000)
 Metaspace       used 34830K, capacity 35188K, committed 35456K, reserved 1081344K
  class space    used 4327K, capacity 4429K, committed 4480K, reserved 1048576K
Event: 11,574 GC heap after
Heap after GC invocations=12 (full 1):
 PSYoungGen      total 366080K, used 640K [0x00000000d9900000, 0x00000000fc500000, 0x0000000100000000)
  eden space 350208K, 0% used [0x00000000d9900000,0x00000000d9900000,0x00000000eef00000)
  from space 15872K, 4% used [0x00000000eef00000,0x00000000eefa0000,0x00000000efe80000)
  to   space 16384K, 0% used [0x00000000fb500000,0x00000000fb500000,0x00000000fc500000)
 ParOldGen       total 46080K, used 26319K [0x000000008ca00000, 0x000000008f700000, 0x00000000d9900000)
  object space 46080K, 57% used [0x000000008ca00000,0x000000008e3b3f90,0x000000008f700000)
 Metaspace       used 34830K, capacity 35188K, committed 35456K, reserved 1081344K
  class space    used 4327K, capacity 4429K, committed 4480K, reserved 1048576K
}
Event: 11,574 GC heap before
{Heap before GC invocations=13 (full 2):
 PSYoungGen      total 366080K, used 640K [0x00000000d9900000, 0x00000000fc500000, 0x0000000100000000)
  eden space 350208K, 0% used [0x00000000d9900000,0x00000000d9900000,0x00000000eef00000)
  from space 15872K, 4% used [0x00000000eef00000,0x00000000eefa0000,0x00000000efe80000)
  to   space 16384K, 0% used [0x00000000fb500000,0x00000000fb500000,0x00000000fc500000)
 ParOldGen       total 46080K, used 26319K [0x000000008ca00000, 0x000000008f700000, 0x00000000d9900000)
  object space 46080K, 57% used [0x000000008ca00000,0x000000008e3b3f90,0x000000008f700000)
 Metaspace       used 34830K, capacity 35188K, committed 35456K, reserved 1081344K
  class space    used 4327K, capacity 4429K, committed 4480K, reserved 1048576K
Event: 11,720 GC heap after
Heap after GC invocations=13 (full 2):
 PSYoungGen      total 366080K, used 0K [0x00000000d9900000, 0x00000000fc500000, 0x0000000100000000)
  eden space 350208K, 0% used [0x00000000d9900000,0x00000000d9900000,0x00000000eef00000)
  from space 15872K, 0% used [0x00000000eef00000,0x00000000eef00000,0x00000000efe80000)
  to   space 16384K, 0% used [0x00000000fb500000,0x00000000fb500000,0x00000000fc500000)
 ParOldGen       total 72192K, used 21744K [0x000000008ca00000, 0x0000000091080000, 0x00000000d9900000)
  object space 72192K, 30% used [0x000000008ca00000,0x000000008df3c3f8,0x0000000091080000)
 Metaspace       used 34830K, capacity 35188K, committed 35456K, reserved 1081344K
  class space    used 4327K, capacity 4429K, committed 4480K, reserved 1048576K
}

