# JRE version: Java(TM) SE Runtime Environment (8.0_45-b14) (build 1.8.0_45-b14)
# Java VM: Java HotSpot(TM) 64-Bit Server VM (25.45-b02 mixed mode linux-amd64 compressed oops)
Heap:
 PSYoungGen      total 394752K, used 127333K [0x00000000d9900000, 0x00000000ff580000, 0x0000000100000000)
  eden space 378368K, 33% used [0x00000000d9900000,0x00000000e1559518,0x00000000f0a80000)
  from space 16384K, 0% used [0x00000000f0a80000,0x00000000f0a80000,0x00000000f1a80000)
  to   space 17408K, 0% used [0x00000000fe480000,0x00000000fe480000,0x00000000ff580000)
 ParOldGen       total 75264K, used 21568K [0x000000008ca00000, 0x0000000091380000, 0x00000000d9900000)
  object space 75264K, 28% used [0x000000008ca00000,0x000000008df10040,0x0000000091380000)
 Metaspace       used 38940K, capacity 39442K, committed 39808K, reserved 1083392K
  class space    used 4835K, capacity 4946K, committed 4992K, reserved 1048576K
GC Heap History (10 events):
Event: 5,047 GC heap before
{Heap before GC invocations=7 (full 1):
 PSYoungGen      total 250880K, used 7763K [0x00000000d9900000, 0x00000000e9900000, 0x0000000100000000)
  eden space 241152K, 0% used [0x00000000d9900000,0x00000000d9900000,0x00000000e8480000)
  from space 9728K, 79% used [0x00000000e8e80000,0x00000000e9614f10,0x00000000e9800000)
  to   space 10240K, 0% used [0x00000000e8480000,0x00000000e8480000,0x00000000e8e80000)
 ParOldGen       total 79360K, used 8244K [0x000000008ca00000, 0x0000000091780000, 0x00000000d9900000)
  object space 79360K, 10% used [0x000000008ca00000,0x000000008d20d0a8,0x0000000091780000)
 Metaspace       used 20754K, capacity 20902K, committed 21296K, reserved 1069056K
  class space    used 2536K, capacity 2573K, committed 2688K, reserved 1048576K
Event: 5,117 GC heap after
Heap after GC invocations=7 (full 1):
 PSYoungGen      total 250880K, used 0K [0x00000000d9900000, 0x00000000e9900000, 0x0000000100000000)
  eden space 241152K, 0% used [0x00000000d9900000,0x00000000d9900000,0x00000000e8480000)
  from space 9728K, 0% used [0x00000000e8e80000,0x00000000e8e80000,0x00000000e9800000)
  to   space 10240K, 0% used [0x00000000e8480000,0x00000000e8480000,0x00000000e8e80000)
 ParOldGen       total 55808K, used 8482K [0x000000008ca00000, 0x0000000090080000, 0x00000000d9900000)
  object space 55808K, 15% used [0x000000008ca00000,0x000000008d248a70,0x0000000090080000)
 Metaspace       used 20754K, capacity 20902K, committed 21296K, reserved 1069056K
  class space    used 2536K, capacity 2573K, committed 2688K, reserved 1048576K
}
Event: 8,364 GC heap before
{Heap before GC invocations=8 (full 1):
 PSYoungGen      total 250880K, used 241152K [0x00000000d9900000, 0x00000000e9900000, 0x0000000100000000)
  eden space 241152K, 100% used [0x00000000d9900000,0x00000000e8480000,0x00000000e8480000)
  from space 9728K, 0% used [0x00000000e8e80000,0x00000000e8e80000,0x00000000e9800000)
  to   space 10240K, 0% used [0x00000000e8480000,0x00000000e8480000,0x00000000e8e80000)
 ParOldGen       total 55808K, used 8482K [0x000000008ca00000, 0x0000000090080000, 0x00000000d9900000)
  object space 55808K, 15% used [0x000000008ca00000,0x000000008d248a70,0x0000000090080000)
 Metaspace       used 30466K, capacity 30836K, committed 31232K, reserved 1077248K
  class space    used 3721K, capacity 3805K, committed 3840K, reserved 1048576K
Event: 8,414 GC heap after
Heap after GC invocations=8 (full 1):
 PSYoungGen      total 251392K, used 10213K [0x00000000d9900000, 0x00000000f2700000, 0x0000000100000000)
  eden space 241152K, 0% used [0x00000000d9900000,0x00000000d9900000,0x00000000e8480000)
  from space 10240K, 99% used [0x00000000e8480000,0x00000000e8e795d0,0x00000000e8e80000)
  to   space 12800K, 0% used [0x00000000f1a80000,0x00000000f1a80000,0x00000000f2700000)
 ParOldGen       total 55808K, used 11041K [0x000000008ca00000, 0x0000000090080000, 0x00000000d9900000)
  object space 55808K, 19% used [0x000000008ca00000,0x000000008d4c8788,0x0000000090080000)
 Metaspace       used 30466K, capacity 30836K, committed 31232K, reserved 1077248K
  class space    used 3721K, capacity 3805K, committed 3840K, reserved 1048576K
}
Event: 11,020 GC heap before
{Heap before GC invocations=9 (full 1):
 PSYoungGen      total 251392K, used 251365K [0x00000000d9900000, 0x00000000f2700000, 0x0000000100000000)
  eden space 241152K, 100% used [0x00000000d9900000,0x00000000e8480000,0x00000000e8480000)
  from space 10240K, 99% used [0x00000000e8480000,0x00000000e8e795d0,0x00000000e8e80000)
  to   space 12800K, 0% used [0x00000000f1a80000,0x00000000f1a80000,0x00000000f2700000)
 ParOldGen       total 55808K, used 11041K [0x000000008ca00000, 0x0000000090080000, 0x00000000d9900000)
  object space 55808K, 19% used [0x000000008ca00000,0x000000008d4c8788,0x0000000090080000)
 Metaspace       used 34722K, capacity 35156K, committed 35456K, reserved 1081344K
  class space    used 4316K, capacity 4397K, committed 4480K, reserved 1048576K
Event: 11,136 GC heap after
Heap after GC invocations=9 (full 1):
 PSYoungGen      total 391168K, used 12784K [0x00000000d9900000, 0x00000000f3c80000, 0x0000000100000000)
  eden space 378368K, 0% used [0x00000000d9900000,0x00000000d9900000,0x00000000f0a80000)
  from space 12800K, 99% used [0x00000000f1a80000,0x00000000f26fc210,0x00000000f2700000)
  to   space 16384K, 0% used [0x00000000f0a80000,0x00000000f0a80000,0x00000000f1a80000)
 ParOldGen       total 55808K, used 15437K [0x000000008ca00000, 0x0000000090080000, 0x00000000d9900000)
  object space 55808K, 27% used [0x000000008ca00000,0x000000008d9134e0,0x0000000090080000)
 Metaspace       used 34722K, capacity 35156K, committed 35456K, reserved 1081344K
  class space    used 4316K, capacity 4397K, committed 4480K, reserved 1048576K
}
Event: 11,179 GC heap before
{Heap before GC invocations=10 (full 1):
 PSYoungGen      total 391168K, used 20240K [0x00000000d9900000, 0x00000000f3c80000, 0x0000000100000000)
  eden space 378368K, 1% used [0x00000000d9900000,0x00000000da048020,0x00000000f0a80000)
  from space 12800K, 99% used [0x00000000f1a80000,0x00000000f26fc210,0x00000000f2700000)
  to   space 16384K, 0% used [0x00000000f0a80000,0x00000000f0a80000,0x00000000f1a80000)
 ParOldGen       total 55808K, used 15437K [0x000000008ca00000, 0x0000000090080000, 0x00000000d9900000)
  object space 55808K, 27% used [0x000000008ca00000,0x000000008d9134e0,0x0000000090080000)
 Metaspace       used 34770K, capacity 35188K, committed 35456K, reserved 1081344K
  class space    used 4321K, capacity 4429K, committed 4480K, reserved 1048576K
Event: 11,214 GC heap after
Heap after GC invocations=10 (full 1):
 PSYoungGen      total 394752K, used 13043K [0x00000000d9900000, 0x00000000ff580000, 0x0000000100000000)
  eden space 378368K, 0% used [0x00000000d9900000,0x00000000d9900000,0x00000000f0a80000)
  from space 16384K, 79% used [0x00000000f0a80000,0x00000000f173cc20,0x00000000f1a80000)
  to   space 17408K, 0% used [0x00000000fe480000,0x00000000fe480000,0x00000000ff580000)
 ParOldGen       total 55808K, used 15509K [0x000000008ca00000, 0x0000000090080000, 0x00000000d9900000)
  object space 55808K, 27% used [0x000000008ca00000,0x000000008d9254f0,0x0000000090080000)
 Metaspace       used 34770K, capacity 35188K, committed 35456K, reserved 1081344K
  class space    used 4321K, capacity 4429K, committed 4480K, reserved 1048576K
}
Event: 11,214 GC heap before
{Heap before GC invocations=11 (full 2):
 PSYoungGen      total 394752K, used 13043K [0x00000000d9900000, 0x00000000ff580000, 0x0000000100000000)
  eden space 378368K, 0% used [0x00000000d9900000,0x00000000d9900000,0x00000000f0a80000)
  from space 16384K, 79% used [0x00000000f0a80000,0x00000000f173cc20,0x00000000f1a80000)
  to   space 17408K, 0% used [0x00000000fe480000,0x00000000fe480000,0x00000000ff580000)
 ParOldGen       total 55808K, used 15509K [0x000000008ca00000, 0x0000000090080000, 0x00000000d9900000)
  object space 55808K, 27% used [0x000000008ca00000,0x000000008d9254f0,0x0000000090080000)
 Metaspace       used 34770K, capacity 35188K, committed 35456K, reserved 1081344K
  class space    used 4321K, capacity 4429K, committed 4480K, reserved 1048576K
Event: 11,348 GC heap after
Heap after GC invocations=11 (full 2):
 PSYoungGen      total 394752K, used 0K [0x00000000d9900000, 0x00000000ff580000, 0x0000000100000000)
  eden space 378368K, 0% used [0x00000000d9900000,0x00000000d9900000,0x00000000f0a80000)
  from space 16384K, 0% used [0x00000000f0a80000,0x00000000f0a80000,0x00000000f1a80000)
  to   space 17408K, 0% used [0x00000000fe480000,0x00000000fe480000,0x00000000ff580000)
 ParOldGen       total 75264K, used 21568K [0x000000008ca00000, 0x0000000091380000, 0x00000000d9900000)
  object space 75264K, 28% used [0x000000008ca00000,0x000000008df10040,0x0000000091380000)
 Metaspace       used 34770K, capacity 35188K, committed 35456K, reserved 1081344K
  class space    used 4321K, capacity 4429K, committed 4480K, reserved 1048576K
}

